#
# A fatal error has been detected by the Java Runtime Environment:
#
#  EXCEPTION_ACCESS_VIOLATION (0xc0000005) at pc=0x72a79af3, pid=10016, tid=0x00002514
#
# JRE version: Java(TM) SE Runtime Environment (8.0_121-b13) (build 1.8.0_121-b13)
# Java VM: Java HotSpot(TM) Client VM (25.121-b13 mixed mode windows-x86 )
# Problematic frame:
# C  [awt.dll+0xa9af3]
#
# Failed to write core dump. Minidumps are not enabled by default on client versions of Windows
#
# If you would like to submit a bug report, please visit:
#   http://bugreport.java.com/bugreport/crash.jsp
# The crash happened outside the Java Virtual Machine in native code.
# See problematic frame for where to report the bug.
#

---------------  T H R E A D  ---------------

Current thread (0x2834dc00):  JavaThread "AWT-EventQueue-0" [_thread_in_native, id=9492, stack(0x29420000,0x29470000)]

siginfo: ExceptionCode=0xc0000005, reading address 0x00000004

Registers:
EAX=0x0000000d, EBX=0x9d010c05, ECX=0x00000000, EDX=0x01922078
ESP=0x2946dc38, EBP=0x73d76460, ESI=0x286aeba0, EDI=0x282f21c0
EIP=0x72a79af3, EFLAGS=0x00010213

Top of Stack: (sp=0x2946dc38)
0x2946dc38:   729fe936 9d010c05 282f21c0 2834dd40
0x2946dc48:   2946dd08 2946e1c0 72a2b3db 2834dd40
0x2946dc58:   282f21c0 2946e1c0 72a2b3f2 00000001
0x2946dc68:   00000000 00000000 729fbb85 2834dd40
0x2946dc78:   2946e1c0 2834dc00 00000000 00000000
0x2946dc88:   2946dca8 0328ad53 28617640 287b45c8
0x2946dc98:   2946e1c4 2834dd40 28617640 00000001
0x2946dca8:   2946dd38 034b593c ffffffff 2946dcb4 

Instructions: (pc=0x72a79af3)
0x72a79ad3:   00 00 c3 8b 41 04 8b 80 0c 0c 00 00 c3 8b 01 83
0x72a79ae3:   78 04 08 7e 03 33 c0 c3 8b 49 04 e9 30 eb fe ff
0x72a79af3:   8b 49 04 85 c9 74 05 e9 3e e9 fe ff 33 c0 c2 04
0x72a79b03:   00 8b 49 04 85 c9 74 05 e9 53 e9 fe ff c2 04 00 


Register to memory mapping:

EAX=0x0000000d is an unknown value
EBX=0x9d010c05 is an unknown value
ECX=0x00000000 is an unknown value
EDX=0x01922078 is an unknown value
ESP=0x2946dc38 is pointing into the stack for thread: 0x2834dc00
EBP=0x73d76460 is an unknown value
ESI=0x286aeba0 is an unknown value
EDI=0x282f21c0 is an unknown value


Stack: [0x29420000,0x29470000],  sp=0x2946dc38,  free space=311k
Native frames: (J=compiled Java code, j=interpreted, Vv=VM code, C=native code)
C  [awt.dll+0xa9af3]

Java frames: (J=compiled Java code, j=interpreted, Vv=VM code)
J 2552  sun.java2d.windows.GDIBlitLoops.nativeBlit(Lsun/java2d/SurfaceData;Lsun/java2d/SurfaceData;Lsun/java2d/pipe/Region;IIIIIIIIIZ)V (0 bytes) @ 0x035d3418 [0x035d3350+0xc8]
J 2551 C1 sun.java2d.windows.GDIBlitLoops.Blit(Lsun/java2d/SurfaceData;Lsun/java2d/SurfaceData;Ljava/awt/Composite;Lsun/java2d/pipe/Region;IIIIII)V (37 bytes) @ 0x035d36d8 [0x035d3640+0x98]
J 1918 C1 sun.java2d.pipe.DrawImage.blitSurfaceData(Lsun/java2d/SunGraphics2D;Lsun/java2d/pipe/Region;Lsun/java2d/SurfaceData;Lsun/java2d/SurfaceData;Lsun/java2d/loops/SurfaceType;Lsun/java2d/loops/SurfaceType;IIIIIILjava/awt/Color;)V (145 bytes) @ 0x034d8fc0 [0x034d8da0+0x220]
J 1917 C1 sun.java2d.pipe.DrawImage.renderImageCopy(Lsun/java2d/SunGraphics2D;Ljava/awt/Image;Ljava/awt/Color;IIIIII)Z (147 bytes) @ 0x034d869c [0x034d8580+0x11c]
J 1920 C1 sun.java2d.pipe.DrawImage.copyImage(Lsun/java2d/SunGraphics2D;Ljava/awt/Image;IILjava/awt/Color;)Z (105 bytes) @ 0x034db370 [0x034db190+0x1e0]
J 1913 C1 sun.java2d.pipe.DrawImage.copyImage(Lsun/java2d/SunGraphics2D;Ljava/awt/Image;IILjava/awt/Color;Ljava/awt/image/ImageObserver;)Z (60 bytes) @ 0x034d76a8 [0x034d7540+0x168]
J 2394 C1 sun.java2d.pipe.ValidatePipe.copyImage(Lsun/java2d/SunGraphics2D;Ljava/awt/Image;IILjava/awt/Color;Ljava/awt/image/ImageObserver;)Z (29 bytes) @ 0x03596068 [0x03595ff0+0x78]
J 1912 C1 sun.java2d.SunGraphics2D.drawImage(Ljava/awt/Image;IILjava/awt/Color;Ljava/awt/image/ImageObserver;)Z (145 bytes) @ 0x034d6d0c [0x034d6b10+0x1fc]
J 1923 C1 sun.java2d.SunGraphics2D.drawImage(Ljava/awt/Image;IILjava/awt/image/ImageObserver;)Z (11 bytes) @ 0x034dda40 [0x034dda00+0x40]
J 2162 C1 javax.swing.RepaintManager$PaintManager.paintDoubleBuffered(Ljavax/swing/JComponent;Ljava/awt/Image;Ljava/awt/Graphics;IIII)V (294 bytes) @ 0x03535c88 [0x03535ae0+0x1a8]
J 2273 C1 javax.swing.RepaintManager$PaintManager.paint(Ljavax/swing/JComponent;Ljavax/swing/JComponent;Ljava/awt/Graphics;IIII)Z (189 bytes) @ 0x0356efcc [0x0356ed90+0x23c]
J 2544 C1 javax.swing.RepaintManager.paint(Ljavax/swing/JComponent;Ljavax/swing/JComponent;Ljava/awt/Graphics;IIII)V (93 bytes) @ 0x035d0a30 [0x035d0840+0x1f0]
J 2322 C1 javax.swing.JComponent.paint(Ljava/awt/Graphics;)V (409 bytes) @ 0x034ad174 [0x034ace10+0x364]
j  java.awt.GraphicsCallback$PaintCallback.run(Ljava/awt/Component;Ljava/awt/Graphics;)V+2
j  sun.awt.SunGraphicsCallback.runOneComponent(Ljava/awt/Component;Ljava/awt/Rectangle;Ljava/awt/Graphics;Ljava/awt/Shape;I)V+155
j  sun.awt.SunGraphicsCallback.runComponents([Ljava/awt/Component;Ljava/awt/Graphics;I)V+194
j  java.awt.Container.paint(Ljava/awt/Graphics;)V+58
j  java.awt.Window.paint(Ljava/awt/Graphics;)V+68
J 2556 C1 javax.swing.RepaintManager$4.run()Ljava/lang/Void; (278 bytes) @ 0x035d42b4 [0x035d3fe0+0x2d4]
J 2555 C1 javax.swing.RepaintManager$4.run()Ljava/lang/Object; (5 bytes) @ 0x035d3d20 [0x035d3d00+0x20]
v  ~StubRoutines::call_stub
J 1620  java.security.AccessController.doPrivileged(Ljava/security/PrivilegedAction;Ljava/security/AccessControlContext;)Ljava/lang/Object; (0 bytes) @ 0x03471ec7 [0x03471e60+0x67]
J 2000 C1 javax.swing.RepaintManager.paintDirtyRegions(Ljava/util/Map;)V (196 bytes) @ 0x034f017c [0x034efda0+0x3dc]
J 2602 C1 javax.swing.RepaintManager.paintDirtyRegions()V (50 bytes) @ 0x035e3be4 [0x035e3aa0+0x144]
J 2596 C1 javax.swing.RepaintManager.prePaintDirtyRegions()V (91 bytes) @ 0x035e1d34 [0x035e1b70+0x1c4]
J 2607 C1 javax.swing.RepaintManager$ProcessingRunnable.run()V (41 bytes) @ 0x035e4d24 [0x035e4bf0+0x134]
J 2168 C1 java.awt.event.InvocationEvent.dispatch()V (69 bytes) @ 0x03537d9c [0x03537cb0+0xec]
J 1900 C1 java.awt.EventQueue.dispatchEventImpl(Ljava/awt/AWTEvent;Ljava/lang/Object;)V (149 bytes) @ 0x034d2f8c [0x034d2ad0+0x4bc]
J 1897 C1 java.awt.EventQueue$3.run()Ljava/lang/Void; (60 bytes) @ 0x034d225c [0x034d2200+0x5c]
J 1896 C1 java.awt.EventQueue$3.run()Ljava/lang/Object; (5 bytes) @ 0x034d1fe0 [0x034d1fc0+0x20]
v  ~StubRoutines::call_stub
J 1620  java.security.AccessController.doPrivileged(Ljava/security/PrivilegedAction;Ljava/security/AccessControlContext;)Ljava/lang/Object; (0 bytes) @ 0x03471ec7 [0x03471e60+0x67]
J 1892 C1 java.awt.EventQueue.dispatchEvent(Ljava/awt/AWTEvent;)V (80 bytes) @ 0x034d0b08 [0x034d0900+0x208]
J 1619 C1 java.awt.EventDispatchThread.pumpOneEventForFilters(I)V (295 bytes) @ 0x03470590 [0x0346ff00+0x690]
J 2495% C1 java.awt.EventDispatchThread.pumpEventsForFilter(ILjava/awt/Conditional;Ljava/awt/EventFilter;)V (47 bytes) @ 0x035be400 [0x035be340+0xc0]
j  java.awt.EventDispatchThread.pumpEventsForHierarchy(ILjava/awt/Conditional;Ljava/awt/Component;)V+11
j  java.awt.EventDispatchThread.pumpEvents(ILjava/awt/Conditional;)V+4
j  java.awt.EventDispatchThread.pumpEvents(Ljava/awt/Conditional;)V+3
j  java.awt.EventDispatchThread.run()V+9
v  ~StubRoutines::call_stub

---------------  P R O C E S S  ---------------

Java Threads: ( => current thread )
  0x2880e000 JavaThread "EventThread COM5" [_thread_in_native, id=6412, stack(0x27340000,0x27390000)]
  0x28815000 JavaThread "DestroyJavaVM" [_thread_blocked, id=9092, stack(0x03090000,0x030e0000)]
  0x28811000 JavaThread "Timer-1" [_thread_blocked, id=8380, stack(0x2a080000,0x2a0d0000)]
  0x2834f000 JavaThread "TimerQueue" daemon [_thread_blocked, id=8672, stack(0x29e60000,0x29eb0000)]
  0x2834e400 JavaThread "Batik CleanerThread" daemon [_thread_blocked, id=2044, stack(0x294f0000,0x29540000)]
=>0x2834dc00 JavaThread "AWT-EventQueue-0" [_thread_in_native, id=9492, stack(0x29420000,0x29470000)]
  0x28351800 JavaThread "AWT-Shutdown" [_thread_blocked, id=4952, stack(0x29170000,0x291c0000)]
  0x2834fc00 JavaThread "Timer-0" [_thread_blocked, id=6428, stack(0x290e0000,0x29130000)]
  0x28350800 JavaThread "JmDNS(fe80-0-0-0-1899-e6c0-7144-d377-eth3.local.).State.Timer" daemon [_thread_blocked, id=8760, stack(0x29050000,0x290a0000)]
  0x28351000 JavaThread "JmDNS(fe80-0-0-0-1899-e6c0-7144-d377-eth3.local.).Timer" daemon [_thread_blocked, id=7992, stack(0x28fc0000,0x29010000)]
  0x28350400 JavaThread "SocketListener(fe80-0-0-0-1899-e6c0-7144-d377-eth3.local.)" daemon [_thread_in_native, id=1408, stack(0x28f30000,0x28f80000)]
  0x2832fc00 JavaThread "JmDNS(192-168-1-126.local.).State.Timer" daemon [_thread_blocked, id=8264, stack(0x28e10000,0x28e60000)]
  0x2832f800 JavaThread "JmDNS(192-168-1-126.local.).Timer" daemon [_thread_blocked, id=4072, stack(0x28d80000,0x28dd0000)]
  0x2832f000 JavaThread "SocketListener(192-168-1-126.local.)" daemon [_thread_in_native, id=7876, stack(0x28cf0000,0x28d40000)]
  0x28310c00 JavaThread "Multihomed mDNS.Timer" daemon [_thread_blocked, id=3292, stack(0x27f00000,0x27f50000)]
  0x28310000 JavaThread "cc.arduino.packages.discoverers.serial.SerialBoardsLister" [_thread_blocked, id=6808, stack(0x03120000,0x03170000)]
  0x2701b400 JavaThread "AWT-Windows" daemon [_thread_in_native, id=808, stack(0x27410000,0x27460000)]
  0x27019c00 JavaThread "Java2D Disposer" daemon [_thread_blocked, id=8652, stack(0x272f0000,0x27340000)]
  0x267ce000 JavaThread "Service Thread" daemon [_thread_blocked, id=3836, stack(0x26be0000,0x26c30000)]
  0x267ca400 JavaThread "C1 CompilerThread0" daemon [_thread_blocked, id=5276, stack(0x26b50000,0x26ba0000)]
  0x267c9400 JavaThread "Attach Listener" daemon [_thread_blocked, id=2588, stack(0x26ac0000,0x26b10000)]
  0x267c7400 JavaThread "Signal Dispatcher" daemon [_thread_blocked, id=9428, stack(0x25ad0000,0x25b20000)]
  0x267aa000 JavaThread "Finalizer" daemon [_thread_blocked, id=8968, stack(0x25a40000,0x25a90000)]
  0x26794400 JavaThread "Reference Handler" daemon [_thread_blocked, id=6076, stack(0x052d0000,0x05320000)]

Other Threads:
  0x02f9dc00 VMThread [stack: 0x259b0000,0x25a00000] [id=1148]
  0x267d2c00 WatcherThread [stack: 0x26d60000,0x26db0000] [id=9072]

VM state:not at safepoint (normal execution)

VM Mutex/Monitor currently owned by a thread: None

Heap:
 def new generation   total 39424K, used 5903K [0x05400000, 0x07ec0000, 0x0fea0000)
  eden space 35072K,  16% used [0x05400000, 0x059c3810, 0x07640000)
  from space 4352K,   0% used [0x07a80000, 0x07a804e0, 0x07ec0000)
  to   space 4352K,   0% used [0x07640000, 0x07640000, 0x07a80000)
 tenured generation   total 87424K, used 80825K [0x0fea0000, 0x15400000, 0x25400000)
   the space 87424K,  92% used [0x0fea0000, 0x14d8e7c0, 0x14d8e800, 0x15400000)
 Metaspace       used 19241K, capacity 19719K, committed 19840K, reserved 19840K

Card table byte_map: [0x25400000,0x25510000] byte_map_base: 0x253d6000

Polling page: 0x015d0000

CodeCache: size=32768Kb used=2696Kb max_used=4574Kb free=30071Kb
 bounds [0x03190000, 0x03610000, 0x05190000]
 total_blobs=1628 nmethods=1349 adapters=208
 compilation: enabled

Compilation events (10 events):
Event: 1943.418 Thread 0x267ca400 3574             java.util.concurrent.locks.AbstractQueuedSynchronizer$ConditionObject::doSignal (43 bytes)
Event: 1943.418 Thread 0x267ca400 nmethod 3574 0x035b73c8 code [0x035b74d0, 0x035b75dc]
Event: 1958.184 Thread 0x267ca400 3575             java.awt.Window::isShowing (5 bytes)
Event: 1958.185 Thread 0x267ca400 nmethod 3575 0x035b7208 code [0x035b7300, 0x035b7380]
Event: 1975.074 Thread 0x267ca400 3576             java.util.ComparableTimSort::mergeHi (729 bytes)
Event: 1975.077 Thread 0x267ca400 nmethod 3576 0x0359c188 code [0x0359c3c0, 0x0359d760]
Event: 2161.319 Thread 0x267ca400 3577   !         javax.jmdns.impl.JmDNSImpl::cleanCache (190 bytes)
Event: 2161.321 Thread 0x267ca400 nmethod 3577 0x034a9388 code [0x034a95e0, 0x034a9d14]
Event: 2311.356 Thread 0x267ca400 3578             java.util.TaskQueue::isEmpty (13 bytes)
Event: 2311.357 Thread 0x267ca400 nmethod 3578 0x035bba08 code [0x035bbb00, 0x035bbb90]

GC Heap History (10 events):
Event: 2365.929 GC heap before
{Heap before GC invocations=433 (full 1):
 def new generation   total 39424K, used 35072K [0x05400000, 0x07ec0000, 0x0fea0000)
  eden space 35072K, 100% used [0x05400000, 0x07640000, 0x07640000)
  from space 4352K,   0% used [0x07640000, 0x076403c0, 0x07a80000)
  to   space 4352K,   0% used [0x07a80000, 0x07a80000, 0x07ec0000)
 tenured generation   total 87424K, used 80825K [0x0fea0000, 0x15400000, 0x25400000)
   the space 87424K,  92% used [0x0fea0000, 0x14d8e7c0, 0x14d8e800, 0x15400000)
 Metaspace       used 19241K, capacity 19719K, committed 19840K, reserved 19840K
Event: 2365.930 GC heap after
Heap after GC invocations=434 (full 1):
 def new generation   total 39424K, used 0K [0x05400000, 0x07ec0000, 0x0fea0000)
  eden space 35072K,   0% used [0x05400000, 0x05400000, 0x07640000)
  from space 4352K,   0% used [0x07a80000, 0x07a803d0, 0x07ec0000)
  to   space 4352K,   0% used [0x07640000, 0x07640000, 0x07a80000)
 tenured generation   total 87424K, used 80825K [0x0fea0000, 0x15400000, 0x25400000)
   the space 87424K,  92% used [0x0fea0000, 0x14d8e7c0, 0x14d8e800, 0x15400000)
 Metaspace       used 19241K, capacity 19719K, committed 19840K, reserved 19840K
}
Event: 2369.688 GC heap before
{Heap before GC invocations=434 (full 1):
 def new generation   total 39424K, used 35072K [0x05400000, 0x07ec0000, 0x0fea0000)
  eden space 35072K, 100% used [0x05400000, 0x07640000, 0x07640000)
  from space 4352K,   0% used [0x07a80000, 0x07a803d0, 0x07ec0000)
  to   space 4352K,   0% used [0x07640000, 0x07640000, 0x07a80000)
 tenured generation   total 87424K, used 80825K [0x0fea0000, 0x15400000, 0x25400000)
   the space 87424K,  92% used [0x0fea0000, 0x14d8e7c0, 0x14d8e800, 0x15400000)
 Metaspace       used 19241K, capacity 19719K, committed 19840K, reserved 19840K
Event: 2369.689 GC heap after
Heap after GC invocations=435 (full 1):
 def new generation   total 39424K, used 0K [0x05400000, 0x07ec0000, 0x0fea0000)
  eden space 35072K,   0% used [0x05400000, 0x05400000, 0x07640000)
  from space 4352K,   0% used [0x07640000, 0x076403d0, 0x07a80000)
  to   space 4352K,   0% used [0x07a80000, 0x07a80000, 0x07ec0000)
 tenured generation   total 87424K, used 80825K [0x0fea0000, 0x15400000, 0x25400000)
   the space 87424K,  92% used [0x0fea0000, 0x14d8e7c0, 0x14d8e800, 0x15400000)
 Metaspace       used 19241K, capacity 19719K, committed 19840K, reserved 19840K
}
Event: 2373.400 GC heap before
{Heap before GC invocations=435 (full 1):
 def new generation   total 39424K, used 35072K [0x05400000, 0x07ec0000, 0x0fea0000)
  eden space 35072K, 100% used [0x05400000, 0x07640000, 0x07640000)
  from space 4352K,   0% used [0x07640000, 0x076403d0, 0x07a80000)
  to   space 4352K,   0% used [0x07a80000, 0x07a80000, 0x07ec0000)
 tenured generation   total 87424K, used 80825K [0x0fea0000, 0x15400000, 0x25400000)
   the space 87424K,  92% used [0x0fea0000, 0x14d8e7c0, 0x14d8e800, 0x15400000)
 Metaspace       used 19241K, capacity 19719K, committed 19840K, reserved 19840K
Event: 2373.401 GC heap after
Heap after GC invocations=436 (full 1):
 def new generation   total 39424K, used 0K [0x05400000, 0x07ec0000, 0x0fea0000)
  eden space 35072K,   0% used [0x05400000, 0x05400000, 0x07640000)
  from space 4352K,   0% used [0x07a80000, 0x07a803a0, 0x07ec0000)
  to   space 4352K,   0% used [0x07640000, 0x07640000, 0x07a80000)
 tenured generation   total 87424K, used 80825K [0x0fea0000, 0x15400000, 0x25400000)
   the space 87424K,  92% used [0x0fea0000, 0x14d8e7c0, 0x14d8e800, 0x15400000)
 Metaspace       used 19241K, capacity 19719K, committed 19840K, reserved 19840K
}
Event: 2377.185 GC heap before
{Heap before GC invocations=436 (full 1):
 def new generation   total 39424K, used 35072K [0x05400000, 0x07ec0000, 0x0fea0000)
  eden space 35072K, 100% used [0x05400000, 0x07640000, 0x07640000)
  from space 4352K,   0% used [0x07a80000, 0x07a803a0, 0x07ec0000)
  to   space 4352K,   0% used [0x07640000, 0x07640000, 0x07a80000)
 tenured generation   total 87424K, used 80825K [0x0fea0000, 0x15400000, 0x25400000)
   the space 87424K,  92% used [0x0fea0000, 0x14d8e7c0, 0x14d8e800, 0x15400000)
 Metaspace       used 19241K, capacity 19719K, committed 19840K, reserved 19840K
Event: 2377.186 GC heap after
Heap after GC invocations=437 (full 1):
 def new generation   total 39424K, used 1K [0x05400000, 0x07ec0000, 0x0fea0000)
  eden space 35072K,   0% used [0x05400000, 0x05400000, 0x07640000)
  from space 4352K,   0% used [0x07640000, 0x076406c8, 0x07a80000)
  to   space 4352K,   0% used [0x07a80000, 0x07a80000, 0x07ec0000)
 tenured generation   total 87424K, used 80825K [0x0fea0000, 0x15400000, 0x25400000)
   the space 87424K,  92% used [0x0fea0000, 0x14d8e7c0, 0x14d8e800, 0x15400000)
 Metaspace       used 19241K, capacity 19719K, committed 19840K, reserved 19840K
}
Event: 2380.944 GC heap before
{Heap before GC invocations=437 (full 1):
 def new generation   total 39424K, used 35073K [0x05400000, 0x07ec0000, 0x0fea0000)
  eden space 35072K, 100% used [0x05400000, 0x07640000, 0x07640000)
  from space 4352K,   0% used [0x07640000, 0x076406c8, 0x07a80000)
  to   space 4352K,   0% used [0x07a80000, 0x07a80000, 0x07ec0000)
 tenured generation   total 87424K, used 80825K [0x0fea0000, 0x15400000, 0x25400000)
   the space 87424K,  92% used [0x0fea0000, 0x14d8e7c0, 0x14d8e800, 0x15400000)
 Metaspace       used 19241K, capacity 19719K, committed 19840K, reserved 19840K
Event: 2380.945 GC heap after
Heap after GC invocations=438 (full 1):
 def new generation   total 39424K, used 1K [0x05400000, 0x07ec0000, 0x0fea0000)
  eden space 35072K,   0% used [0x05400000, 0x05400000, 0x07640000)
  from space 4352K,   0% used [0x07a80000, 0x07a804e0, 0x07ec0000)
  to   space 4352K,   0% used [0x07640000, 0x07640000, 0x07a80000)
 tenured generation   total 87424K, used 80825K [0x0fea0000, 0x15400000, 0x25400000)
   the space 87424K,  92% used [0x0fea0000, 0x14d8e7c0, 0x14d8e800, 0x15400000)
 Metaspace       used 19241K, capacity 19719K, committed 19840K, reserved 19840K
}

Deoptimization events (0 events):
No events

Internal exceptions (10 events):
Event: 738.038 Thread 0x2880e400 Exception <a 'sun/nio/fs/WindowsException'> (0x066e1198) thrown at [C:\workspace\8-2-build-windows-i586-cygwin\jdk8u121\8372\hotspot\src\share\vm\prims\jni.cpp, line 709]
Event: 738.038 Thread 0x2880e400 Exception <a 'sun/nio/fs/WindowsException'> (0x066e17b8) thrown at [C:\workspace\8-2-build-windows-i586-cygwin\jdk8u121\8372\hotspot\src\share\vm\prims\jni.cpp, line 709]
Event: 738.039 Thread 0x2880e400 Exception <a 'sun/nio/fs/WindowsException'> (0x066e5418) thrown at [C:\workspace\8-2-build-windows-i586-cygwin\jdk8u121\8372\hotspot\src\share\vm\prims\jni.cpp, line 709]
Event: 738.039 Thread 0x2880e400 Exception <a 'sun/nio/fs/WindowsException'> (0x066eba40) thrown at [C:\workspace\8-2-build-windows-i586-cygwin\jdk8u121\8372\hotspot\src\share\vm\prims\jni.cpp, line 709]
Event: 738.040 Thread 0x2880e400 Exception <a 'sun/nio/fs/WindowsException'> (0x066f5fd8) thrown at [C:\workspace\8-2-build-windows-i586-cygwin\jdk8u121\8372\hotspot\src\share\vm\prims\jni.cpp, line 709]
Event: 738.040 Thread 0x2880e400 Exception <a 'sun/nio/fs/WindowsException'> (0x066f6648) thrown at [C:\workspace\8-2-build-windows-i586-cygwin\jdk8u121\8372\hotspot\src\share\vm\prims\jni.cpp, line 709]
Event: 738.041 Thread 0x2880e400 Exception <a 'sun/nio/fs/WindowsException'> (0x067008d0) thrown at [C:\workspace\8-2-build-windows-i586-cygwin\jdk8u121\8372\hotspot\src\share\vm\prims\jni.cpp, line 709]
Event: 738.041 Thread 0x2880e400 Exception <a 'sun/nio/fs/WindowsException'> (0x06700ec8) thrown at [C:\workspace\8-2-build-windows-i586-cygwin\jdk8u121\8372\hotspot\src\share\vm\prims\jni.cpp, line 709]
Event: 738.041 Thread 0x2880e400 Exception <a 'sun/nio/fs/WindowsException'> (0x0670aea0) thrown at [C:\workspace\8-2-build-windows-i586-cygwin\jdk8u121\8372\hotspot\src\share\vm\prims\jni.cpp, line 709]
Event: 738.041 Thread 0x2880e400 Exception <a 'sun/nio/fs/WindowsException'> (0x0670b4a8) thrown at [C:\workspace\8-2-build-windows-i586-cygwin\jdk8u121\8372\hotspot\src\share\vm\prims\jni.cpp, line 709]

Events (10 events):
Event: 2365.929 Executing VM operation: GenCollectForAllocation
Event: 2365.930 Executing VM operation: GenCollectForAllocation done
Event: 2369.688 Executing VM operation: GenCollectForAllocation
Event: 2369.689 Executing VM operation: GenCollectForAllocation done
Event: 2373.399 Executing VM operation: GenCollectForAllocation
Event: 2373.401 Executing VM operation: GenCollectForAllocation done
Event: 2377.185 Executing VM operation: GenCollectForAllocation
Event: 2377.186 Executing VM operation: GenCollectForAllocation done
Event: 2380.943 Executing VM operation: GenCollectForAllocation
Event: 2380.945 Executing VM operation: GenCollectForAllocation done


Dynamic libraries:
0x00e80000 - 0x00eb3000 	C:\Program Files (x86)\Arduino\java\bin\javaw.exe
0x76ee0000 - 0x7706e000 	C:\WINDOWS\SYSTEM32\ntdll.dll
0x74e30000 - 0x74f00000 	C:\WINDOWS\System32\KERNEL32.DLL
0x76250000 - 0x76412000 	C:\WINDOWS\System32\KERNELBASE.dll
0x74c30000 - 0x74ca7000 	C:\WINDOWS\System32\ADVAPI32.dll
0x73e10000 - 0x73ecd000 	C:\WINDOWS\System32\msvcrt.dll
0x74730000 - 0x74771000 	C:\WINDOWS\System32\sechost.dll
0x73bf0000 - 0x73cb0000 	C:\WINDOWS\System32\RPCRT4.dll
0x739b0000 - 0x739d0000 	C:\WINDOWS\System32\SspiCli.dll
0x739a0000 - 0x739aa000 	C:\WINDOWS\System32\CRYPTBASE.dll
0x73d10000 - 0x73d67000 	C:\WINDOWS\System32\bcryptPrimitives.dll
0x742e0000 - 0x7441c000 	C:\WINDOWS\System32\USER32.dll
0x73cf0000 - 0x73d06000 	C:\WINDOWS\System32\win32u.dll
0x73d70000 - 0x73d91000 	C:\WINDOWS\System32\GDI32.dll
0x74420000 - 0x74578000 	C:\WINDOWS\System32\gdi32full.dll
0x76590000 - 0x76609000 	C:\WINDOWS\System32\msvcp_win.dll
0x76420000 - 0x76538000 	C:\WINDOWS\System32\ucrtbase.dll
0x736d0000 - 0x738de000 	C:\WINDOWS\WinSxS\x86_microsoft.windows.common-controls_6595b64144ccf1df_6.0.15063.483_none_6dad63fefc436da8\COMCTL32.dll
0x76610000 - 0x76848000 	C:\WINDOWS\System32\combase.dll
0x747d0000 - 0x747f5000 	C:\WINDOWS\System32\IMM32.DLL
0x72c20000 - 0x72cdf000 	C:\Program Files (x86)\Arduino\java\bin\msvcr100.dll
0x6bc00000 - 0x6bfce000 	C:\Program Files (x86)\Arduino\java\bin\client\jvm.dll
0x74cb0000 - 0x74cb6000 	C:\WINDOWS\System32\PSAPI.DLL
0x72c10000 - 0x72c18000 	C:\WINDOWS\SYSTEM32\WSOCK32.dll
0x73600000 - 0x73608000 	C:\WINDOWS\SYSTEM32\VERSION.dll
0x6ee50000 - 0x6ee74000 	C:\WINDOWS\SYSTEM32\WINMM.dll
0x76850000 - 0x768b7000 	C:\WINDOWS\System32\WS2_32.dll
0x6ea20000 - 0x6ea43000 	C:\WINDOWS\SYSTEM32\WINMMBASE.dll
0x73cb0000 - 0x73ce9000 	C:\WINDOWS\System32\cfgmgr32.dll
0x72bd0000 - 0x72c01000 	C:\Program Files (x86)\Arduino\java\bin\splashscreen.dll
0x732a0000 - 0x73318000 	C:\WINDOWS\system32\uxtheme.dll
0x72bc0000 - 0x72bcc000 	C:\Program Files (x86)\Arduino\java\bin\verify.dll
0x72b90000 - 0x72bb1000 	C:\Program Files (x86)\Arduino\java\bin\java.dll
0x74030000 - 0x74176000 	C:\WINDOWS\System32\MSCTF.dll
0x739d0000 - 0x73a66000 	C:\WINDOWS\System32\OLEAUT32.dll
0x72b70000 - 0x72b83000 	C:\Program Files (x86)\Arduino\java\bin\zip.dll
0x74020000 - 0x7402e000 	C:\WINDOWS\System32\kernel.appcore.dll
0x72060000 - 0x720c7000 	C:\WINDOWS\System32\TextInputFramework.dll
0x71e30000 - 0x72057000 	C:\WINDOWS\System32\CoreUIComponents.dll
0x73b60000 - 0x73bec000 	C:\WINDOWS\System32\SHCORE.dll
0x71da0000 - 0x71e2f000 	C:\WINDOWS\System32\CoreMessaging.dll
0x73270000 - 0x73298000 	C:\WINDOWS\SYSTEM32\ntmarta.dll
0x71cc0000 - 0x71d91000 	C:\WINDOWS\SYSTEM32\wintypes.dll
0x72310000 - 0x72320000 	C:\WINDOWS\SYSTEM32\usermgrcli.dll
0x72720000 - 0x72743000 	C:\WINDOWS\system32\dwmapi.dll
0x74f00000 - 0x76248000 	C:\WINDOWS\System32\SHELL32.dll
0x76950000 - 0x76ed7000 	C:\WINDOWS\System32\windows.storage.dll
0x74780000 - 0x747c5000 	C:\WINDOWS\System32\shlwapi.dll
0x76540000 - 0x76585000 	C:\WINDOWS\System32\powrprof.dll
0x74800000 - 0x74810000 	C:\WINDOWS\System32\profapi.dll
0x61940000 - 0x619b2000 	C:\Program Files (x86)\Arduino\lib\listSerialsj.dll
0x74810000 - 0x74c2a000 	C:\WINDOWS\System32\SETUPAPI.dll
0x72b50000 - 0x72b6d000 	C:\Program Files (x86)\Arduino\lib\jnidispatch-4.2.2-win32-x86.dll
0x741d0000 - 0x742c3000 	C:\WINDOWS\System32\Ole32.dll
0x72b30000 - 0x72b46000 	C:\Program Files (x86)\Arduino\java\bin\net.dll
0x738e0000 - 0x7392e000 	C:\WINDOWS\system32\mswsock.dll
0x72b20000 - 0x72b2f000 	C:\Program Files (x86)\Arduino\java\bin\nio.dll
0x729d0000 - 0x72b16000 	C:\Program Files (x86)\Arduino\java\bin\awt.dll
0x6eeb0000 - 0x6ef43000 	C:\WINDOWS\SYSTEM32\apphelp.dll
0x72990000 - 0x729c9000 	C:\Program Files (x86)\Arduino\java\bin\fontmanager.dll
0x72640000 - 0x7271f000 	C:\WINDOWS\system32\opengl32.dll
0x727a0000 - 0x727c5000 	C:\WINDOWS\SYSTEM32\GLU32.dll
0x72760000 - 0x72792000 	C:\Program Files (x86)\Arduino\java\bin\t2k.dll
0x707a0000 - 0x707c2000 	C:\WINDOWS\SYSTEM32\DEVOBJ.dll
0x74180000 - 0x741c4000 	C:\WINDOWS\System32\WINTRUST.dll
0x742d0000 - 0x742de000 	C:\WINDOWS\System32\MSASN1.dll
0x745a0000 - 0x7471d000 	C:\WINDOWS\System32\CRYPT32.dll
0x73620000 - 0x7364f000 	C:\WINDOWS\SYSTEM32\IPHLPAPI.DLL
0x73da0000 - 0x73da7000 	C:\WINDOWS\System32\NSI.dll
0x72ff0000 - 0x73003000 	C:\WINDOWS\SYSTEM32\dhcpcsvc6.DLL
0x72fd0000 - 0x72fe4000 	C:\WINDOWS\SYSTEM32\dhcpcsvc.DLL
0x73650000 - 0x736cf000 	C:\WINDOWS\SYSTEM32\DNSAPI.dll
0x730b0000 - 0x730b8000 	C:\Windows\System32\rasadhlp.dll
0x73030000 - 0x7307a000 	C:\WINDOWS\System32\fwpuclnt.dll
0x73930000 - 0x73948000 	C:\WINDOWS\SYSTEM32\bcrypt.dll
0x725d0000 - 0x72639000 	C:\Program Files (x86)\Arduino\msvcp100.dll
0x72510000 - 0x725ce000 	C:\Program Files (x86)\Arduino\msvcr100.dll
0x29470000 - 0x294a2000 	C:\Program Files (x86)\Arduino\lib\AStylej.dll
0x724e0000 - 0x72504000 	C:\Program Files (x86)\Arduino\java\bin\dcpr.dll
0x768c0000 - 0x76943000 	C:\WINDOWS\System32\clbcatq.dll
0x72140000 - 0x722b2000 	C:\WINDOWS\SYSTEM32\WindowsCodecs.dll
0x70f00000 - 0x70f43000 	C:\WINDOWS\system32\dataexchange.dll
0x70ca0000 - 0x70ef2000 	C:\WINDOWS\system32\d3d11.dll
0x70bb0000 - 0x70c9b000 	C:\WINDOWS\system32\dcomp.dll
0x70b20000 - 0x70baa000 	C:\WINDOWS\system32\dxgi.dll
0x709e0000 - 0x70b16000 	C:\WINDOWS\system32\twinapi.appcore.dll
0x64000000 - 0x6401b000 	C:\Program Files (x86)\Arduino\lib\jSSC-2.8_x86.dll
0x73980000 - 0x73993000 	C:\WINDOWS\SYSTEM32\CRYPTSP.dll
0x73950000 - 0x7397f000 	C:\WINDOWS\system32\rsaenh.dll
0x73080000 - 0x730a2000 	C:\WINDOWS\SYSTEM32\USERENV.dll
0x66e50000 - 0x66fad000 	C:\WINDOWS\SYSTEM32\dbghelp.dll

VM Arguments:
jvm_args: -Dsun.java2d.d3d=false -Djna.nosys=true -Djna.nounpack=true -Djna.boot.library.name=jnidispatch-4.2.2-win32-x86 -Djna.boot.library.path=C:\Program Files (x86)\Arduino/lib -Djssc.library.path=C:\Program Files (x86)\Arduino/lib -DAPP_DIR=C:\Program Files (x86)\Arduino -Xms128M -Xmx512M 
java_command: processing.app.Base C:\Users\admin_sergei\Desktop\Driving-by-camera.git\16.06.2017 Все о камере\aMain\car_hardware\car_hardware.ino
java_class_path (initial): C:\Program Files (x86)\Arduino\lib\apple.jar;C:\Program Files (x86)\Arduino\lib\arduino-core.jar;C:\Program Files (x86)\Arduino\lib\batik-1.8.jar;C:\Program Files (x86)\Arduino\lib\batik-anim-1.8.jar;C:\Program Files (x86)\Arduino\lib\batik-awt-util-1.8.jar;C:\Program Files (x86)\Arduino\lib\batik-bridge-1.8.jar;C:\Program Files (x86)\Arduino\lib\batik-codec-1.8.jar;C:\Program Files (x86)\Arduino\lib\batik-css-1.8.jar;C:\Program Files (x86)\Arduino\lib\batik-dom-1.8.jar;C:\Program Files (x86)\Arduino\lib\batik-ext-1.8.jar;C:\Program Files (x86)\Arduino\lib\batik-gvt-1.8.jar;C:\Program Files (x86)\Arduino\lib\batik-parser-1.8.jar;C:\Program Files (x86)\Arduino\lib\batik-rasterizer-1.8.jar;C:\Program Files (x86)\Arduino\lib\batik-script-1.8.jar;C:\Program Files (x86)\Arduino\lib\batik-squiggle-1.8.jar;C:\Program Files (x86)\Arduino\lib\batik-svg-dom-1.8.jar;C:\Program Files (x86)\Arduino\lib\batik-svgpp-1.8.jar;C:\Program Files (x86)\Arduino\lib\batik-transcoder-1.8.jar;C:\Program Files (x86)\Arduino\lib\batik-util-1.8.jar;C:\Program Files (x86)\Arduino\lib\batik-xml-1.8.jar;C:\Program Files (x86)\Arduino\lib\bcpg-jdk15on-152.jar;C:\Program Files (x86)\Arduino\lib\bcprov-jdk15on-152.jar;C:\Program Files (x86)\Arduino\lib\commons-codec-1.7.jar;C:\Program Files (x86)\Arduino\lib\commons-compress-1.8.jar;C:\Program Files (x86)\Arduino\lib\commons-exec-1.1.jar;C:\Program Files (x86)\Arduino\lib\commons-httpclient-3.1.jar;C:\Program Files (x86)\Arduino\lib\commons-lang3-3.3.2.jar;C:\Program Files (x86)\Arduino\lib\commons-logging-1.0.4.jar;C:\Program Files (x86)\Arduino\lib\commons-net-3.3.jar;C:\Program Files (x86)\Arduino\lib\jackson-annotations-2.6.3.jar;C:\Program Files (x86)\Arduino\lib\jackson-core-2.6.3.jar;C:\Program Files (x86)\Arduino\lib\jackson-databind-2.6.3.jar;C:\Program Files (x86)\Arduino\lib\jackson-module-mrbean-2.6.3.jar;C:\Program Files (x86)\Arduino\lib\java-semver-0.8.0.jar;C:\Program Files (x86)\Arduino\lib\jmdns-3.5.1.j
Launcher Type: SUN_STANDARD

Environment Variables:
PATH=C:\WINDOWS\system32;C:\WINDOWS;C:\WINDOWS\System32\Wbem;C:\WINDOWS\System32\WindowsPowerShell\v1.0\;C:\Users\admin_sergei\AppData\Local\Microsoft\WindowsApps;;C:\Program Files (x86)\Arduino\java\bin
USERNAME=admin_sergei
OS=Windows_NT
PROCESSOR_IDENTIFIER=Intel64 Family 6 Model 42 Stepping 7, GenuineIntel



---------------  S Y S T E M  ---------------

OS: Windows 10.0 , 64 bit Build 15063 (10.0.15063.296)

CPU:total 4 (4 cores per cpu, 1 threads per core) family 6 model 42 stepping 7, cmov, cx8, fxsr, mmx, sse, sse2, sse3, ssse3, sse4.1, sse4.2, popcnt, avx, aes, clmul, tsc, tscinvbit

Memory: 4k page, physical 4109620k(1237420k free), swap 5944628k(1890120k free)

vm_info: Java HotSpot(TM) Client VM (25.121-b13) for windows-x86 JRE (1.8.0_121-b13), built on Dec 12 2016 18:17:00 by "java_re" with MS VC++ 10.0 (VS2010)

time: Thu Nov 23 15:28:16 2017
elapsed time: 2381 seconds (0d 0h 39m 41s)

